2019-03-17 20:31:23,138 ERROR [main] - Statistics - Statistics file `C:\Users\Dell\.scalaide\statistics` is corrupted. A new one is being created. Corrupted content was:

com.cedarsoftware.util.io.JsonIoException: error parsing JSON value
	at com.cedarsoftware.util.io.JsonReader.readObject(JsonReader.java:529)
	at com.cedarsoftware.util.io.JsonReader.jsonToJava(JsonReader.java:289)
	at com.cedarsoftware.util.io.JsonReader.jsonToJava(JsonReader.java:262)
	at org.scalaide.core.internal.statistics.Statistics.read(Statistics.scala:74)
	at org.scalaide.core.internal.statistics.Statistics.$anonfun$readStats$1(Statistics.scala:52)
	at org.scalaide.core.internal.statistics.Statistics.$anonfun$readStats$1$adapted(Statistics.scala:51)
	at org.scalaide.core.ScalaIdeDataStore$.$anonfun$validate$2(ScalaIdeDataStore.scala:59)
	at org.scalaide.util.eclipse.EclipseUtils$$anon$3.run(EclipseUtils.scala:230)
	at org.eclipse.core.runtime.SafeRunner.run(SafeRunner.java:42)
	at org.scalaide.util.eclipse.EclipseUtils$.withSafeRunner(EclipseUtils.scala:226)
	at org.scalaide.core.ScalaIdeDataStore$.validate(ScalaIdeDataStore.scala:59)
	at org.scalaide.core.internal.statistics.Statistics.readStats(Statistics.scala:51)
	at org.scalaide.core.internal.statistics.Statistics.<init>(Statistics.scala:30)
	at org.scalaide.core.internal.ScalaPlugin.stats$lzycompute(ScalaPlugin.scala:135)
	at org.scalaide.core.internal.ScalaPlugin.stats(ScalaPlugin.scala:135)
	at org.scalaide.core.internal.ScalaPlugin.statistics(ScalaPlugin.scala:138)
	at org.scalaide.core.internal.ScalaPlugin.start(ScalaPlugin.scala:109)
	at org.eclipse.osgi.internal.framework.BundleContextImpl$3.run(BundleContextImpl.java:779)
	at org.eclipse.osgi.internal.framework.BundleContextImpl$3.run(BundleContextImpl.java:1)
	at java.security.AccessController.doPrivileged(Native Method)
	at org.eclipse.osgi.internal.framework.BundleContextImpl.startActivator(BundleContextImpl.java:772)
	at org.eclipse.osgi.internal.framework.BundleContextImpl.start(BundleContextImpl.java:729)
	at org.eclipse.osgi.internal.framework.EquinoxBundle.startWorker0(EquinoxBundle.java:933)
	at org.eclipse.osgi.internal.framework.EquinoxBundle$EquinoxModule.startWorker(EquinoxBundle.java:309)
	at org.eclipse.osgi.container.Module.doStart(Module.java:581)
	at org.eclipse.osgi.container.Module.start(Module.java:449)
	at org.eclipse.osgi.framework.util.SecureAction.start(SecureAction.java:468)
	at org.eclipse.osgi.internal.hooks.EclipseLazyStarter.postFindLocalClass(EclipseLazyStarter.java:103)
	at org.eclipse.osgi.internal.loader.classpath.ClasspathManager.findLocalClass(ClasspathManager.java:529)
	at org.eclipse.osgi.internal.loader.ModuleClassLoader.findLocalClass(ModuleClassLoader.java:328)
	at org.eclipse.osgi.internal.loader.BundleLoader.findLocalClass(BundleLoader.java:368)
	at org.eclipse.osgi.internal.loader.BundleLoader.findClassInternal(BundleLoader.java:446)
	at org.eclipse.osgi.internal.loader.BundleLoader.findClass(BundleLoader.java:395)
	at org.eclipse.osgi.internal.loader.BundleLoader.findClass(BundleLoader.java:387)
	at org.eclipse.osgi.internal.loader.ModuleClassLoader.loadClass(ModuleClassLoader.java:150)
	at java.lang.ClassLoader.loadClass(Unknown Source)
	at org.eclipse.osgi.internal.framework.EquinoxBundle.loadClass(EquinoxBundle.java:564)
	at org.eclipse.core.internal.registry.osgi.RegistryStrategyOSGI.createExecutableExtension(RegistryStrategyOSGI.java:174)
	at org.eclipse.core.internal.registry.ExtensionRegistry.createExecutableExtension(ExtensionRegistry.java:905)
	at org.eclipse.core.internal.registry.ConfigurationElement.createExecutableExtension(ConfigurationElement.java:243)
	at org.eclipse.core.internal.registry.ConfigurationElementHandle.createExecutableExtension(ConfigurationElementHandle.java:55)
	at org.eclipse.jdt.internal.ui.filters.FilterDescriptor$1.run(FilterDescriptor.java:135)
	at org.eclipse.core.runtime.SafeRunner.run(SafeRunner.java:42)
	at org.eclipse.jdt.internal.ui.filters.FilterDescriptor.createViewerFilter(FilterDescriptor.java:139)
	at org.eclipse.jdt.ui.actions.CustomFiltersActionGroup$FilterItem.getFilterInstance(CustomFiltersActionGroup.java:187)
	at org.eclipse.jdt.ui.actions.CustomFiltersActionGroup.updateViewerFilters(CustomFiltersActionGroup.java:517)
	at org.eclipse.jdt.ui.actions.CustomFiltersActionGroup.<init>(CustomFiltersActionGroup.java:275)
	at org.eclipse.jdt.ui.actions.CustomFiltersActionGroup.<init>(CustomFiltersActionGroup.java:241)
	at org.eclipse.jdt.internal.ui.packageview.PackageExplorerActionGroup.<init>(PackageExplorerActionGroup.java:149)
	at org.eclipse.jdt.internal.ui.packageview.PackageExplorerPart.makeActions(PackageExplorerPart.java:801)
	at org.eclipse.jdt.internal.ui.packageview.PackageExplorerPart.createPartControl(PackageExplorerPart.java:507)
	at org.eclipse.ui.internal.e4.compatibility.CompatibilityPart.createPartControl(CompatibilityPart.java:151)
	at org.eclipse.ui.internal.e4.compatibility.CompatibilityView.createPartControl(CompatibilityView.java:147)
	at org.eclipse.ui.internal.e4.compatibility.CompatibilityPart.create(CompatibilityPart.java:355)
	at sun.reflect.NativeMethodAccessorImpl.invoke0(Native Method)
	at sun.reflect.NativeMethodAccessorImpl.invoke(Unknown Source)
	at sun.reflect.DelegatingMethodAccessorImpl.invoke(Unknown Source)
	at java.lang.reflect.Method.invoke(Unknown Source)
	at org.eclipse.e4.core.internal.di.MethodRequestor.execute(MethodRequestor.java:55)
	at org.eclipse.e4.core.internal.di.InjectorImpl.processAnnotated(InjectorImpl.java:990)
	at org.eclipse.e4.core.internal.di.InjectorImpl.processAnnotated(InjectorImpl.java:955)
	at org.eclipse.e4.core.internal.di.InjectorImpl.inject(InjectorImpl.java:124)
	at org.eclipse.e4.core.internal.di.InjectorImpl.internalMake(InjectorImpl.java:399)
	at org.eclipse.e4.core.internal.di.InjectorImpl.make(InjectorImpl.java:318)
	at org.eclipse.e4.core.contexts.ContextInjectionFactory.make(ContextInjectionFactory.java:162)
	at org.eclipse.e4.ui.internal.workbench.ReflectionContributionFactory.createFromBundle(ReflectionContributionFactory.java:105)
	at org.eclipse.e4.ui.internal.workbench.ReflectionContributionFactory.doCreate(ReflectionContributionFactory.java:74)
	at org.eclipse.e4.ui.internal.workbench.ReflectionContributionFactory.create(ReflectionContributionFactory.java:56)
	at org.eclipse.e4.ui.workbench.renderers.swt.ContributedPartRenderer.createWidget(ContributedPartRenderer.java:129)
	at org.eclipse.e4.ui.internal.workbench.swt.PartRenderingEngine.createWidget(PartRenderingEngine.java:992)
	at org.eclipse.e4.ui.internal.workbench.swt.PartRenderingEngine.safeCreateGui(PartRenderingEngine.java:661)
	at org.eclipse.e4.ui.internal.workbench.swt.PartRenderingEngine$1.run(PartRenderingEngine.java:546)
	at org.eclipse.core.runtime.SafeRunner.run(SafeRunner.java:42)
	at org.eclipse.e4.ui.internal.workbench.swt.PartRenderingEngine.createGui(PartRenderingEngine.java:530)
	at org.eclipse.e4.ui.workbench.renderers.swt.ElementReferenceRenderer.createWidget(ElementReferenceRenderer.java:70)
	at org.eclipse.e4.ui.internal.workbench.swt.PartRenderingEngine.createWidget(PartRenderingEngine.java:992)
	at org.eclipse.e4.ui.internal.workbench.swt.PartRenderingEngine.safeCreateGui(PartRenderingEngine.java:661)
	at org.eclipse.e4.ui.internal.workbench.swt.PartRenderingEngine.safeCreateGui(PartRenderingEngine.java:767)
	at org.eclipse.e4.ui.internal.workbench.swt.PartRenderingEngine.access$0(PartRenderingEngine.java:738)
	at org.eclipse.e4.ui.internal.workbench.swt.PartRenderingEngine$2.run(PartRenderingEngine.java:732)
	at org.eclipse.core.runtime.SafeRunner.run(SafeRunner.java:42)
	at org.eclipse.e4.ui.internal.workbench.swt.PartRenderingEngine.createGui(PartRenderingEngine.java:716)
	at org.eclipse.e4.ui.internal.workbench.PartServiceImpl$1.handleEvent(PartServiceImpl.java:109)
	at org.eclipse.e4.ui.services.internal.events.UIEventHandler$1.run(UIEventHandler.java:40)
	at org.eclipse.swt.widgets.Synchronizer.syncExec(Synchronizer.java:233)
	at org.eclipse.ui.internal.UISynchronizer.syncExec(UISynchronizer.java:144)
	at org.eclipse.swt.widgets.Display.syncExec(Display.java:4889)
	at org.eclipse.e4.ui.internal.workbench.swt.E4Application$1.syncExec(E4Application.java:212)
	at org.eclipse.e4.ui.services.internal.events.UIEventHandler.handleEvent(UIEventHandler.java:36)
	at org.eclipse.equinox.internal.event.EventHandlerWrapper.handleEvent(EventHandlerWrapper.java:201)
	at org.eclipse.equinox.internal.event.EventHandlerTracker.dispatchEvent(EventHandlerTracker.java:197)
	at org.eclipse.equinox.internal.event.EventHandlerTracker.dispatchEvent(EventHandlerTracker.java:1)
	at org.eclipse.osgi.framework.eventmgr.EventManager.dispatchEvent(EventManager.java:230)
	at org.eclipse.osgi.framework.eventmgr.ListenerQueue.dispatchEventSynchronous(ListenerQueue.java:148)
	at org.eclipse.equinox.internal.event.EventAdminImpl.dispatchEvent(EventAdminImpl.java:135)
	at org.eclipse.equinox.internal.event.EventAdminImpl.sendEvent(EventAdminImpl.java:78)
	at org.eclipse.equinox.internal.event.EventComponent.sendEvent(EventComponent.java:39)
	at org.eclipse.e4.ui.services.internal.events.EventBroker.send(EventBroker.java:52)
	at org.eclipse.e4.ui.internal.workbench.UIEventPublisher.notifyChanged(UIEventPublisher.java:60)
	at org.eclipse.emf.common.notify.impl.BasicNotifierImpl.eNotify(BasicNotifierImpl.java:374)
	at org.eclipse.e4.ui.model.application.ui.impl.ElementContainerImpl.setSelectedElement(ElementContainerImpl.java:173)
	at org.eclipse.e4.ui.workbench.renderers.swt.LazyStackRenderer.postProcess(LazyStackRenderer.java:102)
	at org.eclipse.e4.ui.internal.workbench.swt.PartRenderingEngine.safeCreateGui(PartRenderingEngine.java:679)
	at org.eclipse.e4.ui.internal.workbench.swt.PartRenderingEngine.safeCreateGui(PartRenderingEngine.java:767)
	at org.eclipse.e4.ui.internal.workbench.swt.PartRenderingEngine.access$0(PartRenderingEngine.java:738)
	at org.eclipse.e4.ui.internal.workbench.swt.PartRenderingEngine$2.run(PartRenderingEngine.java:732)
	at org.eclipse.core.runtime.SafeRunner.run(SafeRunner.java:42)
	at org.eclipse.e4.ui.internal.workbench.swt.PartRenderingEngine.createGui(PartRenderingEngine.java:716)
	at org.eclipse.e4.ui.workbench.renderers.swt.SWTPartRenderer.processContents(SWTPartRenderer.java:69)
	at org.eclipse.e4.ui.workbench.renderers.swt.SashRenderer.processContents(SashRenderer.java:137)
	at org.eclipse.e4.ui.internal.workbench.swt.PartRenderingEngine.safeCreateGui(PartRenderingEngine.java:675)
	at org.eclipse.e4.ui.internal.workbench.swt.PartRenderingEngine.safeCreateGui(PartRenderingEngine.java:767)
	at org.eclipse.e4.ui.internal.workbench.swt.PartRenderingEngine.access$0(PartRenderingEngine.java:738)
	at org.eclipse.e4.ui.internal.workbench.swt.PartRenderingEngine$2.run(PartRenderingEngine.java:732)
	at org.eclipse.core.runtime.SafeRunner.run(SafeRunner.java:42)
	at org.eclipse.e4.ui.internal.workbench.swt.PartRenderingEngine.createGui(PartRenderingEngine.java:716)
	at org.eclipse.e4.ui.workbench.renderers.swt.SWTPartRenderer.processContents(SWTPartRenderer.java:69)
	at org.eclipse.e4.ui.workbench.renderers.swt.SashRenderer.processContents(SashRenderer.java:137)
	at org.eclipse.e4.ui.internal.workbench.swt.PartRenderingEngine.safeCreateGui(PartRenderingEngine.java:675)
	at org.eclipse.e4.ui.internal.workbench.swt.PartRenderingEngine.safeCreateGui(PartRenderingEngine.java:767)
	at org.eclipse.e4.ui.internal.workbench.swt.PartRenderingEngine.access$0(PartRenderingEngine.java:738)
	at org.eclipse.e4.ui.internal.workbench.swt.PartRenderingEngine$2.run(PartRenderingEngine.java:732)
	at org.eclipse.core.runtime.SafeRunner.run(SafeRunner.java:42)
	at org.eclipse.e4.ui.internal.workbench.swt.PartRenderingEngine.createGui(PartRenderingEngine.java:716)
	at org.eclipse.e4.ui.workbench.renderers.swt.SWTPartRenderer.processContents(SWTPartRenderer.java:69)
	at org.eclipse.e4.ui.workbench.renderers.swt.SashRenderer.processContents(SashRenderer.java:137)
	at org.eclipse.e4.ui.internal.workbench.swt.PartRenderingEngine.safeCreateGui(PartRenderingEngine.java:675)
	at org.eclipse.e4.ui.internal.workbench.swt.PartRenderingEngine.safeCreateGui(PartRenderingEngine.java:767)
	at org.eclipse.e4.ui.internal.workbench.swt.PartRenderingEngine.access$0(PartRenderingEngine.java:738)
	at org.eclipse.e4.ui.internal.workbench.swt.PartRenderingEngine$2.run(PartRenderingEngine.java:732)
	at org.eclipse.core.runtime.SafeRunner.run(SafeRunner.java:42)
	at org.eclipse.e4.ui.internal.workbench.swt.PartRenderingEngine.createGui(PartRenderingEngine.java:716)
	at org.eclipse.e4.ui.workbench.renderers.swt.SWTPartRenderer.processContents(SWTPartRenderer.java:69)
	at org.eclipse.e4.ui.workbench.renderers.swt.PerspectiveRenderer.processContents(PerspectiveRenderer.java:49)
	at org.eclipse.e4.ui.internal.workbench.swt.PartRenderingEngine.safeCreateGui(PartRenderingEngine.java:675)
	at org.eclipse.e4.ui.internal.workbench.swt.PartRenderingEngine.safeCreateGui(PartRenderingEngine.java:767)
	at org.eclipse.e4.ui.internal.workbench.swt.PartRenderingEngine.access$0(PartRenderingEngine.java:738)
	at org.eclipse.e4.ui.internal.workbench.swt.PartRenderingEngine$2.run(PartRenderingEngine.java:732)
	at org.eclipse.core.runtime.SafeRunner.run(SafeRunner.java:42)
	at org.eclipse.e4.ui.internal.workbench.swt.PartRenderingEngine.createGui(PartRenderingEngine.java:716)
	at org.eclipse.e4.ui.workbench.renderers.swt.PerspectiveStackRenderer.showTab(PerspectiveStackRenderer.java:79)
	at org.eclipse.e4.ui.workbench.renderers.swt.LazyStackRenderer.lambda$0(LazyStackRenderer.java:68)
	at org.eclipse.e4.ui.services.internal.events.UIEventHandler$1.run(UIEventHandler.java:40)
	at org.eclipse.swt.widgets.Synchronizer.syncExec(Synchronizer.java:233)
	at org.eclipse.ui.internal.UISynchronizer.syncExec(UISynchronizer.java:144)
	at org.eclipse.swt.widgets.Display.syncExec(Display.java:4889)
	at org.eclipse.e4.ui.internal.workbench.swt.E4Application$1.syncExec(E4Application.java:212)
	at org.eclipse.e4.ui.services.internal.events.UIEventHandler.handleEvent(UIEventHandler.java:36)
	at org.eclipse.equinox.internal.event.EventHandlerWrapper.handleEvent(EventHandlerWrapper.java:201)
	at org.eclipse.equinox.internal.event.EventHandlerTracker.dispatchEvent(EventHandlerTracker.java:197)
	at org.eclipse.equinox.internal.event.EventHandlerTracker.dispatchEvent(EventHandlerTracker.java:1)
	at org.eclipse.osgi.framework.eventmgr.EventManager.dispatchEvent(EventManager.java:230)
	at org.eclipse.osgi.framework.eventmgr.ListenerQueue.dispatchEventSynchronous(ListenerQueue.java:148)
	at org.eclipse.equinox.internal.event.EventAdminImpl.dispatchEvent(EventAdminImpl.java:135)
	at org.eclipse.equinox.internal.event.EventAdminImpl.sendEvent(EventAdminImpl.java:78)
	at org.eclipse.equinox.internal.event.EventComponent.sendEvent(EventComponent.java:39)
	at org.eclipse.e4.ui.services.internal.events.EventBroker.send(EventBroker.java:52)
	at org.eclipse.e4.ui.internal.workbench.UIEventPublisher.notifyChanged(UIEventPublisher.java:60)
	at org.eclipse.emf.common.notify.impl.BasicNotifierImpl.eNotify(BasicNotifierImpl.java:374)
	at org.eclipse.e4.ui.model.application.ui.advanced.impl.PerspectiveStackImpl.setSelectedElement(PerspectiveStackImpl.java:135)
	at org.eclipse.e4.ui.model.application.ui.advanced.impl.PerspectiveStackImpl.setSelectedElement(PerspectiveStackImpl.java:1)
	at org.eclipse.ui.internal.WorkbenchPage.setPerspective(WorkbenchPage.java:4104)
	at org.eclipse.ui.internal.WorkbenchWindow.setup(WorkbenchWindow.java:744)
	at sun.reflect.NativeMethodAccessorImpl.invoke0(Native Method)
	at sun.reflect.NativeMethodAccessorImpl.invoke(Unknown Source)
	at sun.reflect.DelegatingMethodAccessorImpl.invoke(Unknown Source)
	at java.lang.reflect.Method.invoke(Unknown Source)
	at org.eclipse.e4.core.internal.di.MethodRequestor.execute(MethodRequestor.java:55)
	at org.eclipse.e4.core.internal.di.InjectorImpl.processAnnotated(InjectorImpl.java:990)
	at org.eclipse.e4.core.internal.di.InjectorImpl.inject(InjectorImpl.java:124)
	at org.eclipse.e4.core.internal.di.InjectorImpl.inject(InjectorImpl.java:91)
	at org.eclipse.e4.core.contexts.ContextInjectionFactory.inject(ContextInjectionFactory.java:73)
	at org.eclipse.ui.internal.Workbench.createWorkbenchWindow(Workbench.java:1494)
	at org.eclipse.ui.internal.Workbench.getActiveWorkbenchWindow(Workbench.java:1468)
	at org.eclipse.ui.internal.services.WorkbenchSourceProvider.updateActiveShell(WorkbenchSourceProvider.java:907)
	at org.eclipse.ui.internal.services.WorkbenchSourceProvider.getCurrentState(WorkbenchSourceProvider.java:115)
	at org.eclipse.ui.internal.services.WorkbenchSourceProvider.lambda$2(WorkbenchSourceProvider.java:668)
	at org.eclipse.swt.widgets.EventTable.sendEvent(EventTable.java:86)
	at org.eclipse.swt.widgets.Display.filterEvent(Display.java:1271)
	at org.eclipse.swt.widgets.Widget.sendEvent(Widget.java:1078)
	at org.eclipse.swt.widgets.Widget.sendEvent(Widget.java:1103)
	at org.eclipse.swt.widgets.Widget.sendEvent(Widget.java:1088)
	at org.eclipse.swt.widgets.Decorations.WM_ACTIVATE(Decorations.java:1698)
	at org.eclipse.swt.widgets.Shell.WM_ACTIVATE(Shell.java:2277)
	at org.eclipse.swt.widgets.Control.windowProc(Control.java:4840)
	at org.eclipse.swt.widgets.Canvas.windowProc(Canvas.java:359)
	at org.eclipse.swt.widgets.Decorations.windowProc(Decorations.java:1657)
	at org.eclipse.swt.widgets.Shell.windowProc(Shell.java:2199)
	at org.eclipse.swt.widgets.Display.windowProc(Display.java:5178)
	at org.eclipse.swt.internal.win32.OS.BringWindowToTop(Native Method)
	at org.eclipse.swt.widgets.Decorations.bringToTop(Decorations.java:232)
	at org.eclipse.swt.widgets.Shell.open(Shell.java:1270)
	at org.eclipse.e4.ui.workbench.renderers.swt.WBWRenderer.postProcess(WBWRenderer.java:784)
	at org.eclipse.e4.ui.internal.workbench.swt.PartRenderingEngine.safeCreateGui(PartRenderingEngine.java:679)
	at org.eclipse.e4.ui.internal.workbench.swt.PartRenderingEngine.safeCreateGui(PartRenderingEngine.java:767)
	at org.eclipse.e4.ui.internal.workbench.swt.PartRenderingEngine.access$0(PartRenderingEngine.java:738)
	at org.eclipse.e4.ui.internal.workbench.swt.PartRenderingEngine$2.run(PartRenderingEngine.java:732)
	at org.eclipse.core.runtime.SafeRunner.run(SafeRunner.java:42)
	at org.eclipse.e4.ui.internal.workbench.swt.PartRenderingEngine.createGui(PartRenderingEngine.java:716)
	at org.eclipse.e4.ui.internal.workbench.swt.PartRenderingEngine$5.run(PartRenderingEngine.java:1076)
	at org.eclipse.core.databinding.observable.Realm.runWithDefault(Realm.java:336)
	at org.eclipse.e4.ui.internal.workbench.swt.PartRenderingEngine.run(PartRenderingEngine.java:1039)
	at org.eclipse.e4.ui.internal.workbench.E4Workbench.createAndRunUI(E4Workbench.java:153)
	at org.eclipse.ui.internal.Workbench.lambda$3(Workbench.java:680)
	at org.eclipse.core.databinding.observable.Realm.runWithDefault(Realm.java:336)
	at org.eclipse.ui.internal.Workbench.createAndRunWorkbench(Workbench.java:594)
	at org.eclipse.ui.PlatformUI.createAndRunWorkbench(PlatformUI.java:148)
	at org.eclipse.ui.internal.ide.application.IDEApplication.start(IDEApplication.java:151)
	at org.eclipse.equinox.internal.app.EclipseAppHandle.run(EclipseAppHandle.java:196)
	at org.eclipse.core.runtime.internal.adaptor.EclipseAppLauncher.runApplication(EclipseAppLauncher.java:134)
	at org.eclipse.core.runtime.internal.adaptor.EclipseAppLauncher.start(EclipseAppLauncher.java:104)
	at org.eclipse.core.runtime.adaptor.EclipseStarter.run(EclipseStarter.java:388)
	at org.eclipse.core.runtime.adaptor.EclipseStarter.run(EclipseStarter.java:243)
	at sun.reflect.NativeMethodAccessorImpl.invoke0(Native Method)
	at sun.reflect.NativeMethodAccessorImpl.invoke(Unknown Source)
	at sun.reflect.DelegatingMethodAccessorImpl.invoke(Unknown Source)
	at java.lang.reflect.Method.invoke(Unknown Source)
	at org.eclipse.equinox.launcher.Main.invokeFramework(Main.java:653)
	at org.eclipse.equinox.launcher.Main.basicRun(Main.java:590)
	at org.eclipse.equinox.launcher.Main.run(Main.java:1499)
Caused by: com.cedarsoftware.util.io.JsonIoException: EOF reached prematurely
	at com.cedarsoftware.util.io.JsonParser.error(JsonParser.java:584)
	at com.cedarsoftware.util.io.JsonParser.readValue(JsonParser.java:278)
	at com.cedarsoftware.util.io.JsonReader.readObject(JsonReader.java:521)
	... 219 more
2019-03-17 20:31:36,245 ERROR [ActiveTransmissionNetworkOutput_1-0] - System.err - log4j:WARN No appenders could be found for logger (com.microsoft.applicationinsights.core.dependencies.http.client.protocol.RequestAddCookies).
2019-03-17 20:31:36,245 ERROR [ActiveTransmissionNetworkOutput_1-0] - System.err - log4j:WARN Please initialize the log4j system properly.
2019-03-17 20:31:36,245 ERROR [ActiveTransmissionNetworkOutput_1-0] - System.err - log4j:WARN See http://logging.apache.org/log4j/1.2/faq.html#noconfig for more info.
2019-03-17 20:31:36,245 ERROR [DefaultQuickPulseCoordinator] - System.err - log4j:WARN No appenders could be found for logger (com.microsoft.applicationinsights.core.dependencies.http.client.protocol.RequestAddCookies).
2019-03-17 20:31:36,260 ERROR [DefaultQuickPulseCoordinator] - System.err - log4j:WARN Please initialize the log4j system properly.
2019-03-17 20:31:36,260 ERROR [DefaultQuickPulseCoordinator] - System.err - log4j:WARN See http://logging.apache.org/log4j/1.2/faq.html#noconfig for more info.
2019-03-17 20:41:16,491 ERROR [main] - System.err - [org.eclipse.jdt.launching] error can't determine modifiers of missing type org.eclipse.pde.internal.ui.wizards.imports.PluginImportHelper
when weaving type org.eclipse.jdt.launching.JavaRuntime
when weaving classes 
when weaving 
 [Xlint:cantFindType]
2019-03-17 20:41:46,619 ERROR [main] - System.err - [org.eclipse.jdt.debug] error can't determine modifiers of missing type org.eclipse.pde.internal.ui.wizards.imports.PluginImportHelper
when weaving type org.eclipse.jdt.debug.core.IJavaLineBreakpoint
when weaving classes 
when weaving 
 [Xlint:cantFindType]
2019-03-17 20:42:38,606 ERROR [main] - System.err - [org.eclipse.jdt.debug.ui] error can't determine modifiers of missing type org.eclipse.pde.internal.ui.wizards.imports.PluginImportHelper
when weaving type org.eclipse.jdt.internal.debug.ui.actions.RetargettableActionAdapterFactory
when weaving classes 
when weaving 
 [Xlint:cantFindType]
2019-03-17 20:42:51,418 ERROR [main] - System.err - [org.eclipse.jdt.junit] error can't determine modifiers of missing type org.eclipse.pde.internal.ui.wizards.imports.PluginImportHelper
when weaving type org.eclipse.jdt.internal.junit.ui.JUnitQuickFixProcessor
when weaving classes 
when weaving 
 [Xlint:cantFindType]
2019-03-17 21:22:03,813 ERROR [OkHttp http://localhost:7342/...] - System.err - java.net.ConnectException: Failed to connect to localhost/0:0:0:0:0:0:0:1:7342
2019-03-17 21:22:03,814 ERROR [OkHttp http://localhost:7342/...] - System.err - at okhttp3.internal.connection.RealConnection.connectSocket(RealConnection.java:222)
2019-03-17 21:22:03,814 ERROR [OkHttp http://localhost:7342/...] - System.err - at okhttp3.internal.connection.RealConnection.connect(RealConnection.java:146)
2019-03-17 21:22:03,814 ERROR [OkHttp http://localhost:7342/...] - System.err - at okhttp3.internal.connection.StreamAllocation.findConnection(StreamAllocation.java:186)
2019-03-17 21:22:03,814 ERROR [OkHttp http://localhost:7342/...] - System.err - at okhttp3.internal.connection.StreamAllocation.findHealthyConnection(StreamAllocation.java:121)
2019-03-17 21:22:03,814 ERROR [OkHttp http://localhost:7342/...] - System.err - at okhttp3.internal.connection.StreamAllocation.newStream(StreamAllocation.java:100)
2019-03-17 21:22:03,814 ERROR [OkHttp http://localhost:7342/...] - System.err - at okhttp3.internal.connection.ConnectInterceptor.intercept(ConnectInterceptor.java:42)
2019-03-17 21:22:03,814 ERROR [OkHttp http://localhost:7342/...] - System.err - at okhttp3.internal.http.RealInterceptorChain.proceed(RealInterceptorChain.java:92)
2019-03-17 21:22:03,814 ERROR [OkHttp http://localhost:7342/...] - System.err - at okhttp3.internal.http.RealInterceptorChain.proceed(RealInterceptorChain.java:67)
2019-03-17 21:22:03,814 ERROR [OkHttp http://localhost:7342/...] - System.err - at okhttp3.internal.cache.CacheInterceptor.intercept(CacheInterceptor.java:93)
2019-03-17 21:22:03,814 ERROR [OkHttp http://localhost:7342/...] - System.err - at okhttp3.internal.http.RealInterceptorChain.proceed(RealInterceptorChain.java:92)
2019-03-17 21:22:03,816 ERROR [OkHttp http://localhost:7342/...] - System.err - at okhttp3.internal.http.RealInterceptorChain.proceed(RealInterceptorChain.java:67)
2019-03-17 21:22:03,816 ERROR [OkHttp http://localhost:7342/...] - System.err - at okhttp3.internal.http.BridgeInterceptor.intercept(BridgeInterceptor.java:93)
2019-03-17 21:22:03,816 ERROR [OkHttp http://localhost:7342/...] - System.err - at okhttp3.internal.http.RealInterceptorChain.proceed(RealInterceptorChain.java:92)
2019-03-17 21:22:03,816 ERROR [OkHttp http://localhost:7342/...] - System.err - at okhttp3.internal.http.RetryAndFollowUpInterceptor.intercept(RetryAndFollowUpInterceptor.java:120)
2019-03-17 21:22:03,816 ERROR [OkHttp http://localhost:7342/...] - System.err - at okhttp3.internal.http.RealInterceptorChain.proceed(RealInterceptorChain.java:92)
2019-03-17 21:22:03,816 ERROR [OkHttp http://localhost:7342/...] - System.err - at okhttp3.internal.http.RealInterceptorChain.proceed(RealInterceptorChain.java:67)
2019-03-17 21:22:03,816 ERROR [OkHttp http://localhost:7342/...] - System.err - at okhttp3.RealCall.getResponseWithInterceptorChain(RealCall.java:179)
2019-03-17 21:22:03,816 ERROR [OkHttp http://localhost:7342/...] - System.err - at okhttp3.RealCall$AsyncCall.execute(RealCall.java:129)
2019-03-17 21:22:03,816 ERROR [OkHttp http://localhost:7342/...] - System.err - at okhttp3.internal.NamedRunnable.run(NamedRunnable.java:32)
2019-03-17 21:22:03,816 ERROR [OkHttp http://localhost:7342/...] - System.err - at java.util.concurrent.ThreadPoolExecutor.runWorker(Unknown Source)
2019-03-17 21:22:03,817 ERROR [OkHttp http://localhost:7342/...] - System.err - at java.util.concurrent.ThreadPoolExecutor$Worker.run(Unknown Source)
2019-03-17 21:22:03,817 ERROR [OkHttp http://localhost:7342/...] - System.err - at java.lang.Thread.run(Unknown Source)
2019-03-17 21:22:03,818 ERROR [OkHttp http://localhost:7342/...] - System.err - Caused by: java.net.ConnectException: Connection refused: connect
2019-03-17 21:22:03,818 ERROR [OkHttp http://localhost:7342/...] - System.err - at java.net.DualStackPlainSocketImpl.waitForConnect(Native Method)
2019-03-17 21:22:03,818 ERROR [OkHttp http://localhost:7342/...] - System.err - at java.net.DualStackPlainSocketImpl.socketConnect(Unknown Source)
2019-03-17 21:22:03,819 ERROR [OkHttp http://localhost:7342/...] - System.err - at java.net.AbstractPlainSocketImpl.doConnect(Unknown Source)
2019-03-17 21:22:03,819 ERROR [OkHttp http://localhost:7342/...] - System.err - at java.net.AbstractPlainSocketImpl.connectToAddress(Unknown Source)
2019-03-17 21:22:03,819 ERROR [OkHttp http://localhost:7342/...] - System.err - at java.net.AbstractPlainSocketImpl.connect(Unknown Source)
2019-03-17 21:22:03,819 ERROR [OkHttp http://localhost:7342/...] - System.err - at java.net.PlainSocketImpl.connect(Unknown Source)
2019-03-17 21:22:03,819 ERROR [OkHttp http://localhost:7342/...] - System.err - at java.net.SocksSocketImpl.connect(Unknown Source)
2019-03-17 21:22:03,819 ERROR [OkHttp http://localhost:7342/...] - System.err - at java.net.Socket.connect(Unknown Source)
2019-03-17 21:22:03,819 ERROR [OkHttp http://localhost:7342/...] - System.err - at okhttp3.internal.platform.Platform.connectSocket(Platform.java:124)
2019-03-17 21:22:03,819 ERROR [OkHttp http://localhost:7342/...] - System.err - at okhttp3.internal.connection.RealConnection.connectSocket(RealConnection.java:220)
2019-03-17 21:22:03,819 ERROR [OkHttp http://localhost:7342/...] - System.err - ... 21 more
2019-03-17 21:22:52,611 ERROR [OkHttp http://localhost:7342/...] - System.err - java.net.ConnectException: Failed to connect to localhost/0:0:0:0:0:0:0:1:7342
2019-03-17 21:22:52,611 ERROR [OkHttp http://localhost:7342/...] - System.err - at okhttp3.internal.connection.RealConnection.connectSocket(RealConnection.java:222)
2019-03-17 21:22:52,612 ERROR [OkHttp http://localhost:7342/...] - System.err - at okhttp3.internal.connection.RealConnection.connect(RealConnection.java:146)
2019-03-17 21:22:52,612 ERROR [OkHttp http://localhost:7342/...] - System.err - at okhttp3.internal.connection.StreamAllocation.findConnection(StreamAllocation.java:186)
2019-03-17 21:22:52,612 ERROR [OkHttp http://localhost:7342/...] - System.err - at okhttp3.internal.connection.StreamAllocation.findHealthyConnection(StreamAllocation.java:121)
2019-03-17 21:22:52,612 ERROR [OkHttp http://localhost:7342/...] - System.err - at okhttp3.internal.connection.StreamAllocation.newStream(StreamAllocation.java:100)
2019-03-17 21:22:52,613 ERROR [OkHttp http://localhost:7342/...] - System.err - at okhttp3.internal.connection.ConnectInterceptor.intercept(ConnectInterceptor.java:42)
2019-03-17 21:22:52,613 ERROR [OkHttp http://localhost:7342/...] - System.err - at okhttp3.internal.http.RealInterceptorChain.proceed(RealInterceptorChain.java:92)
2019-03-17 21:22:52,613 ERROR [OkHttp http://localhost:7342/...] - System.err - at okhttp3.internal.http.RealInterceptorChain.proceed(RealInterceptorChain.java:67)
2019-03-17 21:22:52,613 ERROR [OkHttp http://localhost:7342/...] - System.err - at okhttp3.internal.cache.CacheInterceptor.intercept(CacheInterceptor.java:93)
2019-03-17 21:22:52,613 ERROR [OkHttp http://localhost:7342/...] - System.err - at okhttp3.internal.http.RealInterceptorChain.proceed(RealInterceptorChain.java:92)
2019-03-17 21:22:52,615 ERROR [OkHttp http://localhost:7342/...] - System.err - at okhttp3.internal.http.RealInterceptorChain.proceed(RealInterceptorChain.java:67)
2019-03-17 21:22:52,615 ERROR [OkHttp http://localhost:7342/...] - System.err - at okhttp3.internal.http.BridgeInterceptor.intercept(BridgeInterceptor.java:93)
2019-03-17 21:22:52,615 ERROR [OkHttp http://localhost:7342/...] - System.err - at okhttp3.internal.http.RealInterceptorChain.proceed(RealInterceptorChain.java:92)
2019-03-17 21:22:52,616 ERROR [OkHttp http://localhost:7342/...] - System.err - at okhttp3.internal.http.RetryAndFollowUpInterceptor.intercept(RetryAndFollowUpInterceptor.java:120)
2019-03-17 21:22:52,616 ERROR [OkHttp http://localhost:7342/...] - System.err - at okhttp3.internal.http.RealInterceptorChain.proceed(RealInterceptorChain.java:92)
2019-03-17 21:22:52,616 ERROR [OkHttp http://localhost:7342/...] - System.err - at okhttp3.internal.http.RealInterceptorChain.proceed(RealInterceptorChain.java:67)
2019-03-17 21:22:52,616 ERROR [OkHttp http://localhost:7342/...] - System.err - at okhttp3.RealCall.getResponseWithInterceptorChain(RealCall.java:179)
2019-03-17 21:22:52,616 ERROR [OkHttp http://localhost:7342/...] - System.err - at okhttp3.RealCall$AsyncCall.execute(RealCall.java:129)
2019-03-17 21:22:52,616 ERROR [OkHttp http://localhost:7342/...] - System.err - at okhttp3.internal.NamedRunnable.run(NamedRunnable.java:32)
2019-03-17 21:22:52,616 ERROR [OkHttp http://localhost:7342/...] - System.err - at java.util.concurrent.ThreadPoolExecutor.runWorker(Unknown Source)
2019-03-17 21:22:52,617 ERROR [OkHttp http://localhost:7342/...] - System.err - at java.util.concurrent.ThreadPoolExecutor$Worker.run(Unknown Source)
2019-03-17 21:22:52,617 ERROR [OkHttp http://localhost:7342/...] - System.err - at java.lang.Thread.run(Unknown Source)
2019-03-17 21:22:52,617 ERROR [OkHttp http://localhost:7342/...] - System.err - Caused by: java.net.ConnectException: Connection refused: connect
2019-03-17 21:22:52,618 ERROR [OkHttp http://localhost:7342/...] - System.err - at java.net.DualStackPlainSocketImpl.waitForConnect(Native Method)
2019-03-17 21:22:52,618 ERROR [OkHttp http://localhost:7342/...] - System.err - at java.net.DualStackPlainSocketImpl.socketConnect(Unknown Source)
2019-03-17 21:22:52,618 ERROR [OkHttp http://localhost:7342/...] - System.err - at java.net.AbstractPlainSocketImpl.doConnect(Unknown Source)
2019-03-17 21:22:52,618 ERROR [OkHttp http://localhost:7342/...] - System.err - at java.net.AbstractPlainSocketImpl.connectToAddress(Unknown Source)
2019-03-17 21:22:52,618 ERROR [OkHttp http://localhost:7342/...] - System.err - at java.net.AbstractPlainSocketImpl.connect(Unknown Source)
2019-03-17 21:22:52,618 ERROR [OkHttp http://localhost:7342/...] - System.err - at java.net.PlainSocketImpl.connect(Unknown Source)
2019-03-17 21:22:52,618 ERROR [OkHttp http://localhost:7342/...] - System.err - at java.net.SocksSocketImpl.connect(Unknown Source)
2019-03-17 21:22:52,618 ERROR [OkHttp http://localhost:7342/...] - System.err - at java.net.Socket.connect(Unknown Source)
2019-03-17 21:22:52,618 ERROR [OkHttp http://localhost:7342/...] - System.err - at okhttp3.internal.platform.Platform.connectSocket(Platform.java:124)
2019-03-17 21:22:52,618 ERROR [OkHttp http://localhost:7342/...] - System.err - at okhttp3.internal.connection.RealConnection.connectSocket(RealConnection.java:220)
2019-03-17 21:22:52,618 ERROR [OkHttp http://localhost:7342/...] - System.err - ... 21 more
2019-03-17 21:23:04,906 ERROR [OkHttp http://localhost:7342/...] - System.err - java.net.ConnectException: Failed to connect to localhost/0:0:0:0:0:0:0:1:7342
2019-03-17 21:23:04,906 ERROR [OkHttp http://localhost:7342/...] - System.err - at okhttp3.internal.connection.RealConnection.connectSocket(RealConnection.java:222)
2019-03-17 21:23:04,906 ERROR [OkHttp http://localhost:7342/...] - System.err - at okhttp3.internal.connection.RealConnection.connect(RealConnection.java:146)
2019-03-17 21:23:04,907 ERROR [OkHttp http://localhost:7342/...] - System.err - at okhttp3.internal.connection.StreamAllocation.findConnection(StreamAllocation.java:186)
2019-03-17 21:23:04,907 ERROR [OkHttp http://localhost:7342/...] - System.err - at okhttp3.internal.connection.StreamAllocation.findHealthyConnection(StreamAllocation.java:121)
2019-03-17 21:23:04,907 ERROR [OkHttp http://localhost:7342/...] - System.err - at okhttp3.internal.connection.StreamAllocation.newStream(StreamAllocation.java:100)
2019-03-17 21:23:04,907 ERROR [OkHttp http://localhost:7342/...] - System.err - at okhttp3.internal.connection.ConnectInterceptor.intercept(ConnectInterceptor.java:42)
2019-03-17 21:23:04,907 ERROR [OkHttp http://localhost:7342/...] - System.err - at okhttp3.internal.http.RealInterceptorChain.proceed(RealInterceptorChain.java:92)
2019-03-17 21:23:04,907 ERROR [OkHttp http://localhost:7342/...] - System.err - at okhttp3.internal.http.RealInterceptorChain.proceed(RealInterceptorChain.java:67)
2019-03-17 21:23:04,907 ERROR [OkHttp http://localhost:7342/...] - System.err - at okhttp3.internal.cache.CacheInterceptor.intercept(CacheInterceptor.java:93)
2019-03-17 21:23:04,907 ERROR [OkHttp http://localhost:7342/...] - System.err - at okhttp3.internal.http.RealInterceptorChain.proceed(RealInterceptorChain.java:92)
2019-03-17 21:23:04,907 ERROR [OkHttp http://localhost:7342/...] - System.err - at okhttp3.internal.http.RealInterceptorChain.proceed(RealInterceptorChain.java:67)
2019-03-17 21:23:04,907 ERROR [OkHttp http://localhost:7342/...] - System.err - at okhttp3.internal.http.BridgeInterceptor.intercept(BridgeInterceptor.java:93)
2019-03-17 21:23:04,907 ERROR [OkHttp http://localhost:7342/...] - System.err - at okhttp3.internal.http.RealInterceptorChain.proceed(RealInterceptorChain.java:92)
2019-03-17 21:23:04,907 ERROR [OkHttp http://localhost:7342/...] - System.err - at okhttp3.internal.http.RetryAndFollowUpInterceptor.intercept(RetryAndFollowUpInterceptor.java:120)
2019-03-17 21:23:04,907 ERROR [OkHttp http://localhost:7342/...] - System.err - at okhttp3.internal.http.RealInterceptorChain.proceed(RealInterceptorChain.java:92)
2019-03-17 21:23:04,907 ERROR [OkHttp http://localhost:7342/...] - System.err - at okhttp3.internal.http.RealInterceptorChain.proceed(RealInterceptorChain.java:67)
2019-03-17 21:23:04,910 ERROR [OkHttp http://localhost:7342/...] - System.err - at okhttp3.RealCall.getResponseWithInterceptorChain(RealCall.java:179)
2019-03-17 21:23:04,910 ERROR [OkHttp http://localhost:7342/...] - System.err - at okhttp3.RealCall$AsyncCall.execute(RealCall.java:129)
2019-03-17 21:23:04,910 ERROR [OkHttp http://localhost:7342/...] - System.err - at okhttp3.internal.NamedRunnable.run(NamedRunnable.java:32)
2019-03-17 21:23:04,910 ERROR [OkHttp http://localhost:7342/...] - System.err - at java.util.concurrent.ThreadPoolExecutor.runWorker(Unknown Source)
2019-03-17 21:23:04,911 ERROR [OkHttp http://localhost:7342/...] - System.err - at java.util.concurrent.ThreadPoolExecutor$Worker.run(Unknown Source)
2019-03-17 21:23:04,911 ERROR [OkHttp http://localhost:7342/...] - System.err - at java.lang.Thread.run(Unknown Source)
2019-03-17 21:23:04,911 ERROR [OkHttp http://localhost:7342/...] - System.err - Caused by: java.net.ConnectException: Connection refused: connect
2019-03-17 21:23:04,912 ERROR [OkHttp http://localhost:7342/...] - System.err - at java.net.DualStackPlainSocketImpl.waitForConnect(Native Method)
2019-03-17 21:23:04,912 ERROR [OkHttp http://localhost:7342/...] - System.err - at java.net.DualStackPlainSocketImpl.socketConnect(Unknown Source)
2019-03-17 21:23:04,912 ERROR [OkHttp http://localhost:7342/...] - System.err - at java.net.AbstractPlainSocketImpl.doConnect(Unknown Source)
2019-03-17 21:23:04,912 ERROR [OkHttp http://localhost:7342/...] - System.err - at java.net.AbstractPlainSocketImpl.connectToAddress(Unknown Source)
2019-03-17 21:23:04,913 ERROR [OkHttp http://localhost:7342/...] - System.err - at java.net.AbstractPlainSocketImpl.connect(Unknown Source)
2019-03-17 21:23:04,913 ERROR [OkHttp http://localhost:7342/...] - System.err - at java.net.PlainSocketImpl.connect(Unknown Source)
2019-03-17 21:23:04,913 ERROR [OkHttp http://localhost:7342/...] - System.err - at java.net.SocksSocketImpl.connect(Unknown Source)
2019-03-17 21:23:04,913 ERROR [OkHttp http://localhost:7342/...] - System.err - at java.net.Socket.connect(Unknown Source)
2019-03-17 21:23:04,913 ERROR [OkHttp http://localhost:7342/...] - System.err - at okhttp3.internal.platform.Platform.connectSocket(Platform.java:124)
2019-03-17 21:23:04,913 ERROR [OkHttp http://localhost:7342/...] - System.err - at okhttp3.internal.connection.RealConnection.connectSocket(RealConnection.java:220)
2019-03-17 21:23:04,914 ERROR [OkHttp http://localhost:7342/...] - System.err - ... 21 more
2019-03-17 22:49:02,534 ERROR [BoundsSetTimer] - System.err - Exception in thread "BoundsSetTimer"
2019-03-17 22:49:02,534 ERROR [BoundsSetTimer] - System.err - org.eclipse.swt.SWTException: Device is disposed
2019-03-17 22:49:02,534 ERROR [BoundsSetTimer] - System.err - at org.eclipse.swt.SWT.error(SWT.java:4533)
2019-03-17 22:49:02,534 ERROR [BoundsSetTimer] - System.err - at org.eclipse.swt.SWT.error(SWT.java:4448)
2019-03-17 22:49:02,534 ERROR [BoundsSetTimer] - System.err - at org.eclipse.swt.SWT.error(SWT.java:4419)
2019-03-17 22:49:02,534 ERROR [BoundsSetTimer] - System.err - at org.eclipse.swt.widgets.Display.error(Display.java:1263)
2019-03-17 22:49:02,534 ERROR [BoundsSetTimer] - System.err - at org.eclipse.swt.widgets.Display.asyncExec(Display.java:711)
2019-03-17 22:49:02,534 ERROR [BoundsSetTimer] - System.err - at com.codota.eclipse.assistant.AssistantBridge$1.run(AssistantBridge.java:464)
2019-03-17 22:49:02,534 ERROR [BoundsSetTimer] - System.err - at java.util.TimerThread.mainLoop(Unknown Source)
2019-03-17 22:49:02,534 ERROR [BoundsSetTimer] - System.err - at java.util.TimerThread.run(Unknown Source)
